<?xml version="1.0" encoding="UTF-8"?>
<testsuite xmlns:xsi="http://www.w3.org/2001/XMLSchema-instance" xsi:noNamespaceSchemaLocation="https://maven.apache.org/surefire/maven-surefire-plugin/xsd/surefire-test-report.xsd" name="TestSuite" time="236.184" tests="10" errors="0" skipped="0" failures="0">
  <properties>
[...]
</properties>
  <testcase name="pinCode" classname="tacademy.EnterPincodeGift" time="29.161"/>
  <testcase name="cart" classname="tacademy.AddcartTest" time="27.776"/>
  <testcase name="signin" classname="tacademy.SignUpTest" time="30.905"/>
  <testcase name="lastTest" classname="tacademy.Test10" time="9.891"/>
  <testcase name="title" classname="tacademy.GetTitle" time="15.615"/>
  <testcase name="findorder" classname="tacademy.Findorder" time="18.405"/>
  <testcase name="footer" classname="tacademy.VerifyFootertext" time="20.107"/>
  <testcase name="Login" classname="tacademy.LoginTest" time="28.514"/>
  <testcase name="mug3d" classname="tacademy.Mug3dSelector" time="32.776"/>
  <testcase name="search" classname="tacademy.SearchingBox" time="20.92"/>
</testsuite>