<?xml version="1.0" encoding="UTF-8"?>
<testng-results ignored="0" total="10" passed="10" failed="0" skipped="0">
  <reporter-output>
  </reporter-output>
  <suite started-at="2021-11-18T12:26:33 IST" name="Suite" finished-at="2021-11-18T12:30:27 IST" duration-ms="234120">
    <groups>
    </groups>
    <test started-at="2021-11-18T12:26:33 IST" name="Test" finished-at="2021-11-18T12:30:27 IST" duration-ms="234120">
      <class name="tacademy.Mug3dSelector">
        <test-method signature="mug3d()[pri:0, instance:tacademy.Mug3dSelector@2f67b837]" started-at="2021-11-18T12:29:34 IST" name="mug3d" finished-at="2021-11-18T12:30:06 IST" duration-ms="32776" status="PASS">
          <reporter-output>
          </reporter-output>
        </test-method> <!-- mug3d -->
      </class> <!-- tacademy.Mug3dSelector -->
      <class name="tacademy.SearchingBox">
        <test-method signature="search()[pri:0, instance:tacademy.SearchingBox@1869fbd2]" started-at="2021-11-18T12:30:06 IST" name="search" finished-at="2021-11-18T12:30:27 IST" duration-ms="20920" status="PASS">
          <reporter-output>
          </reporter-output>
        </test-method> <!-- search -->
      </class> <!-- tacademy.SearchingBox -->
      <class name="tacademy.Findorder">
        <test-method signature="findorder()[pri:0, instance:tacademy.Findorder@78641d23]" started-at="2021-11-18T12:28:27 IST" name="findorder" finished-at="2021-11-18T12:28:45 IST" duration-ms="18405" status="PASS">
          <reporter-output>
          </reporter-output>
        </test-method> <!-- findorder -->
      </class> <!-- tacademy.Findorder -->
      <class name="tacademy.EnterPincodeGift">
        <test-method signature="pinCode()[pri:0, instance:tacademy.EnterPincodeGift@48aaecc3]" started-at="2021-11-18T12:26:33 IST" name="pinCode" finished-at="2021-11-18T12:27:02 IST" duration-ms="29160" status="PASS">
          <reporter-output>
          </reporter-output>
        </test-method> <!-- pinCode -->
      </class> <!-- tacademy.EnterPincodeGift -->
      <class name="tacademy.SignUpTest">
        <test-method signature="signin()[pri:0, instance:tacademy.SignUpTest@1b1473ab]" started-at="2021-11-18T12:27:30 IST" name="signin" finished-at="2021-11-18T12:28:01 IST" duration-ms="30906" status="PASS">
          <reporter-output>
          </reporter-output>
        </test-method> <!-- signin -->
      </class> <!-- tacademy.SignUpTest -->
      <class name="tacademy.VerifyFootertext">
        <test-method signature="footer()[pri:0, instance:tacademy.VerifyFootertext@74589991]" started-at="2021-11-18T12:28:45 IST" name="footer" finished-at="2021-11-18T12:29:05 IST" duration-ms="20107" status="PASS">
          <reporter-output>
          </reporter-output>
        </test-method> <!-- footer -->
      </class> <!-- tacademy.VerifyFootertext -->
      <class name="tacademy.Test10">
        <test-method signature="lastTest()[pri:0, instance:tacademy.Test10@2f7c2f4f]" started-at="2021-11-18T12:28:01 IST" name="lastTest" finished-at="2021-11-18T12:28:11 IST" duration-ms="9890" status="PASS">
          <reporter-output>
          </reporter-output>
        </test-method> <!-- lastTest -->
      </class> <!-- tacademy.Test10 -->
      <class name="tacademy.LoginTest">
        <test-method signature="Login()[pri:0, instance:tacademy.LoginTest@1fc32e4f]" started-at="2021-11-18T12:29:05 IST" name="Login" finished-at="2021-11-18T12:29:34 IST" duration-ms="28513" status="PASS">
          <reporter-output>
          </reporter-output>
        </test-method> <!-- Login -->
      </class> <!-- tacademy.LoginTest -->
      <class name="tacademy.GetTitle">
        <test-method signature="title()[pri:0, instance:tacademy.GetTitle@3daf7722]" started-at="2021-11-18T12:28:11 IST" name="title" finished-at="2021-11-18T12:28:27 IST" duration-ms="15614" status="PASS">
          <reporter-output>
          </reporter-output>
        </test-method> <!-- title -->
      </class> <!-- tacademy.GetTitle -->
      <class name="tacademy.AddcartTest">
        <test-method signature="cart()[pri:0, instance:tacademy.AddcartTest@149e0f5d]" started-at="2021-11-18T12:27:02 IST" name="cart" finished-at="2021-11-18T12:27:30 IST" duration-ms="27774" status="PASS">
          <reporter-output>
          </reporter-output>
        </test-method> <!-- cart -->
      </class> <!-- tacademy.AddcartTest -->
    </test> <!-- Test -->
  </suite> <!-- Suite -->
</testng-results>
