<?xml version="1.0" encoding="UTF-8"?>
<testng-results ignored="0" total="1" passed="1" failed="0" skipped="0">
  <reporter-output>
  </reporter-output>
  <suite started-at="2021-11-19T21:32:29 IST" name="Default suite" finished-at="2021-11-19T21:32:42 IST" duration-ms="12754">
    <groups>
    </groups>
    <test started-at="2021-11-19T21:32:29 IST" name="Default test" finished-at="2021-11-19T21:32:42 IST" duration-ms="12754">
      <class name="tacademy.EnterPincodeGift">
        <test-method signature="pinCode()[pri:0, instance:tacademy.EnterPincodeGift@4567f35d]" started-at="2021-11-19T21:32:29 IST" name="pinCode" finished-at="2021-11-19T21:32:42 IST" duration-ms="12713" status="PASS">
          <reporter-output>
          </reporter-output>
        </test-method> <!-- pinCode -->
      </class> <!-- tacademy.EnterPincodeGift -->
    </test> <!-- Default test -->
  </suite> <!-- Default suite -->
</testng-results>
