<?xml version="1.0" encoding="UTF-8"?>
<!-- Generated by org.testng.reporters.JUnitXMLReporter -->
<testsuite ignored="0" hostname="saurabh-yogesh" failures="0" tests="10" name="Test" time="234.12" errors="0" timestamp="2021-11-18T12:30:27 IST">
  <testcase classname="tacademy.EnterPincodeGift" name="pinCode" time="29.16"/>
  <testcase classname="tacademy.AddcartTest" name="cart" time="27.774"/>
  <testcase classname="tacademy.SignUpTest" name="signin" time="30.906"/>
  <testcase classname="tacademy.Test10" name="lastTest" time="9.89"/>
  <testcase classname="tacademy.GetTitle" name="title" time="15.614"/>
  <testcase classname="tacademy.Findorder" name="findorder" time="18.405"/>
  <testcase classname="tacademy.VerifyFootertext" name="footer" time="20.107"/>
  <testcase classname="tacademy.LoginTest" name="Login" time="28.513"/>
  <testcase classname="tacademy.Mug3dSelector" name="mug3d" time="32.776"/>
  <testcase classname="tacademy.SearchingBox" name="search" time="20.92"/>
</testsuite> <!-- Test -->
