<?xml version="1.0" encoding="UTF-8"?>
<!-- Generated by org.testng.reporters.JUnitXMLReporter -->
<testsuite ignored="0" hostname="saurabh-yogesh" failures="0" tests="10" name="Test" time="157.72" errors="0" timestamp="2021-11-18T06:00:48 IST">
  <testcase classname="tacademy.EnterPincodeGift" name="pinCode" time="18.394"/>
  <testcase classname="tacademy.AddcartTest" name="cart" time="19.273"/>
  <testcase classname="tacademy.SignUpTest" name="signin" time="24.462"/>
  <testcase classname="tacademy.Test10" name="lastTest" time="8.84"/>
  <testcase classname="tacademy.GetTitle" name="title" time="13.294"/>
  <testcase classname="tacademy.Findorder" name="findorder" time="15.948"/>
  <testcase classname="tacademy.VerifyFootertext" name="footer" time="7.861"/>
  <testcase classname="tacademy.LoginTest" name="Login" time="21.542"/>
  <testcase classname="tacademy.Mug3dSelector" name="mug3d" time="11.595"/>
  <testcase classname="tacademy.SearchingBox" name="search" time="16.413"/>
</testsuite> <!-- Test -->
